<?xml version="1.0" encoding="UTF-8"?>
<!-- Generated by org.testng.reporters.JUnitReportReporter -->
<testsuite hostname="DESKTOP-4ILV8P0" failures="0" tests="4" name="testCases.TCLogin" time="123.441" errors="0" timestamp="2021-11-03T13:43:15 SAST" skipped="0">
  <testcase classname="testCases.TCLogin" name="a" time="40.422"/>
  <system-out/>
  <testcase classname="testCases.TCLogin" name="b" time="55.697"/>
  <system-out/>
  <testcase classname="testCases.TCLogin" name="c" time="1.642"/>
  <system-out/>
  <testcase classname="testCases.TCLogin" name="d" time="25.680"/>
  <system-out/>
</testsuite> <!-- testCases.TCLogin -->
