<?xml version="1.0" encoding="UTF-8"?>
<!-- Generated by org.testng.reporters.JUnitReportReporter -->
<testsuite hostname="DESKTOP-4TEFN8L" failures="0" tests="5" name="register.regi" time="52.291" errors="0" timestamp="2021-10-30T20:20:16 SAST" skipped="0">
  <testcase classname="register.regi" name="Registration" time="16.906"/>
  <system-out/>
  <testcase classname="register.regi" name="Login" time="7.653"/>
  <system-out/>
  <testcase classname="register.regi" name="Search" time="7.155"/>
  <system-out/>
  <testcase classname="register.regi" name="ZaddToCart" time="9.822"/>
  <system-out/>
  <testcase classname="register.regi" name="Select" time="10.755"/>
  <system-out/>
</testsuite> <!-- register.regi -->
