<?xml version="1.0" encoding="UTF-8"?>
<!-- Generated by org.testng.reporters.JUnitReportReporter -->
<testsuite hostname="DESKTOP-4TEFN8L" failures="0" tests="5" name="register.regi" time="65.507" errors="0" timestamp="2021-10-30T16:41:13 SAST" skipped="0">
  <testcase classname="register.regi" name="Registration" time="21.695"/>
  <system-out/>
  <testcase classname="register.regi" name="Login" time="15.022"/>
  <system-out/>
  <testcase classname="register.regi" name="Search" time="7.495"/>
  <system-out/>
  <testcase classname="register.regi" name="ZaddToCart" time="9.741"/>
  <system-out/>
  <testcase classname="register.regi" name="Select" time="11.554"/>
  <system-out/>
</testsuite> <!-- register.regi -->
