<?xml version="1.0" encoding="UTF-8"?>
<!-- Generated by org.testng.reporters.JUnitReportReporter -->
<testsuite hostname="DESKTOP-4TEFN8L" failures="0" tests="5" name="landingPage.Hotel" time="112.802" errors="0" timestamp="2021-10-31T13:01:14 SAST" skipped="0">
  <testcase classname="landingPage.Hotel" name="Registration" time="57.701"/>
  <system-out/>
  <testcase classname="landingPage.Hotel" name="Login" time="5.011"/>
  <system-out/>
  <testcase classname="landingPage.Hotel" name="searchHotel" time="35.790"/>
  <system-out/>
  <testcase classname="landingPage.Hotel" name="selectHotel" time="4.625"/>
  <system-out/>
  <testcase classname="landingPage.Hotel" name="bookHotel" time="9.675"/>
  <system-out/>
</testsuite> <!-- landingPage.Hotel -->
