<?xml version="1.0" encoding="UTF-8"?>
<!-- Generated by org.testng.reporters.JUnitReportReporter -->
<testsuite hostname="DESKTOP-4TEFN8L" failures="0" tests="5" name="landingPage.Hotel" time="127.804" errors="0" timestamp="2021-11-02T14:26:05 SAST" skipped="0">
  <testcase classname="landingPage.Hotel" name="Registration" time="63.707"/>
  <system-out/>
  <testcase classname="landingPage.Hotel" name="Login" time="4.716"/>
  <system-out/>
  <testcase classname="landingPage.Hotel" name="searchHotel" time="37.196"/>
  <system-out/>
  <testcase classname="landingPage.Hotel" name="selectHotel" time="6.283"/>
  <system-out/>
  <testcase classname="landingPage.Hotel" name="bookHotel" time="15.902"/>
  <system-out/>
</testsuite> <!-- landingPage.Hotel -->
