<?xml version="1.0" encoding="UTF-8"?>
<!-- Generated by org.testng.reporters.JUnitReportReporter -->
<testsuite hostname="DESKTOP-4TEFN8L" failures="0" tests="5" name="landingPage.Hotel" time="126.465" errors="0" timestamp="2021-11-02T12:41:48 SAST" skipped="0">
  <testcase classname="landingPage.Hotel" name="Registration" time="61.329"/>
  <system-out/>
  <testcase classname="landingPage.Hotel" name="Login" time="5.071"/>
  <system-out/>
  <testcase classname="landingPage.Hotel" name="searchHotel" time="39.188"/>
  <system-out/>
  <testcase classname="landingPage.Hotel" name="selectHotel" time="4.861"/>
  <system-out/>
  <testcase classname="landingPage.Hotel" name="bookHotel" time="16.016"/>
  <system-out/>
</testsuite> <!-- landingPage.Hotel -->
