<?xml version="1.0" encoding="UTF-8"?>
<!-- Generated by org.testng.reporters.JUnitReportReporter -->
<testsuite hostname="DESKTOP-4TEFN8L" failures="0" tests="5" name="landingPage.Hotel" time="151.135" errors="0" timestamp="2021-11-03T11:30:44 SAST" skipped="0">
  <testcase classname="landingPage.Hotel" name="Registration" time="59.511"/>
  <system-out/>
  <testcase classname="landingPage.Hotel" name="Login" time="5.029"/>
  <system-out/>
  <testcase classname="landingPage.Hotel" name="searchHotel" time="36.973"/>
  <system-out/>
  <testcase classname="landingPage.Hotel" name="selectHotel" time="4.785"/>
  <system-out/>
  <testcase classname="landingPage.Hotel" name="bookHotel" time="44.837"/>
  <system-out/>
</testsuite> <!-- landingPage.Hotel -->
