<?xml version="1.0" encoding="UTF-8"?>
<!-- Generated by org.testng.reporters.JUnitReportReporter -->
<testsuite hostname="DESKTOP-4TEFN8L" failures="0" tests="2" name="Register.regi" time="66.217" errors="0" timestamp="2021-10-28T12:55:48 SAST" skipped="0">
  <testcase classname="Register.regi" name="ZSearch" time="49.640"/>
  <system-out/>
  <testcase classname="Register.regi" name="Login" time="16.577"/>
  <system-out/>
</testsuite> <!-- Register.regi -->
