<?xml version="1.0" encoding="UTF-8"?>
<!-- Generated by org.testng.reporters.JUnitReportReporter -->
<testsuite hostname="DESKTOP-4TEFN8L" failures="0" tests="3" name="TestCases.mainCase" time="29.077" errors="0" timestamp="2021-11-18T16:20:09 SAST" skipped="0">
  <testcase classname="TestCases.mainCase" name="Registration" time="17.140"/>
  <system-out/>
  <testcase classname="TestCases.mainCase" name="Login" time="3.045"/>
  <system-out/>
  <testcase classname="TestCases.mainCase" name="SearchHotel" time="8.892"/>
  <system-out/>
</testsuite> <!-- TestCases.mainCase -->
