<?xml version="1.0" encoding="UTF-8"?>
<!-- Generated by org.testng.reporters.JUnitReportReporter -->
<testsuite hostname="DESKTOP-4TEFN8L" failures="0" tests="2" name="TestCases.mainCase" time="17.602" errors="0" timestamp="2021-11-16T19:07:00 SAST" skipped="0">
  <testcase classname="TestCases.mainCase" name="Registration" time="14.880"/>
  <system-out/>
  <testcase classname="TestCases.mainCase" name="Login" time="2.722"/>
  <system-out/>
</testsuite> <!-- TestCases.mainCase -->
