<?xml version="1.0" encoding="UTF-8"?>
<!-- Generated by org.testng.reporters.JUnitReportReporter -->
<testsuite hostname="DESKTOP-4TEFN8L" failures="0" tests="1" name="TestCases.mainCase" time="15.867" errors="0" timestamp="2021-11-15T15:52:35 SAST" skipped="0">
  <testcase classname="TestCases.mainCase" name="Registration" time="15.867"/>
  <system-out/>
</testsuite> <!-- TestCases.mainCase -->
